#
# A fatal error has been detected by the Java Runtime Environment:
#
#  SIGSEGV (0xb) at pc=0x00007fff5f5ffe9d, pid=41497, tid=14083
#
# JRE version: Java(TM) SE Runtime Environment (8.0_60-b27) (build 1.8.0_60-b27)
# Java VM: Java HotSpot(TM) 64-Bit Server VM (25.60-b23 mixed mode bsd-amd64 compressed oops)
# Problematic frame:
# C  [libobjc.A.dylib+0x6e9d]  objc_msgSend+0x1d
#
# Failed to write core dump. Core dumps have been disabled. To enable core dumping, try "ulimit -c unlimited" before starting Java again
#
# If you would like to submit a bug report, please visit:
#   http://bugreport.java.com/bugreport/crash.jsp
# The crash happened outside the Java Virtual Machine in native code.
# See problematic frame for where to report the bug.
#

---------------  T H R E A D  ---------------

Current thread (0x00007fc8241c0800):  JavaThread "QuantumRenderer-0" daemon [_thread_in_native, id=14083, stack(0x00007000038e6000,0x00007000039e6000)]

siginfo: si_signo: 11 (SIGSEGV), si_code: 1 (SEGV_MAPERR), si_addr: 0x0000000000000018

Registers:
RAX=0x00007fc822741c50, RBX=0x0000000000000000, RCX=0x0000000000000000, RDX=0x00007fc822640290
RSP=0x00007000039e4e18, RBP=0x00007000039e4e60, RSI=0x00007fff361a7a8a, RDI=0x00007fc822640290
R8 =0x00000000822741c7, R9 =0x0000000000000001, R10=0x0000000000000000, R11=0x00007fff361a7a8a
R12=0x0000000000000000, R13=0x00007fff5f5ffe80, R14=0x00007fc822741c50, R15=0x00007000039e4e30
RIP=0x00007fff5f5ffe9d, EFLAGS=0x0000000000010246, ERR=0x0000000000000004
  TRAPNO=0x000000000000000e

Top of Stack: (sp=0x00007000039e4e18)
0x00007000039e4e18:   00007fff3575b5c5 0000000000000000
0x00007000039e4e28:   0000000000000000 0000000000000000
0x00007000039e4e38:   0000000000000000 0000000000000000
0x00007000039e4e48:   0000000000000000 00007fff5f5ffe80
0x00007000039e4e58:   0000000000000000 00007000039e4ed0
0x00007000039e4e68:   0000000122b646cb 00007000039e4efc
0x00007000039e4e78:   00007fc822640290 00007fc8227122a0
0x00007000039e4e88:   00007fc82263da20 00007000039e4ed0
0x00007000039e4e98:   000000010a91da8d 24a6a63143c20026
0x00007000039e4ea8:   000000010ae22280 00007fc82263da20
0x00007000039e4eb8:   0000000000000000 00007000039e4fb0
0x00007000039e4ec8:   00007fc822640290 00007000039e4f30
0x00007000039e4ed8:   0000000122b64067 00007fc8241c0800
0x00007000039e4ee8:   000000010c8e30d8 00007fc8241c0800
0x00007000039e4ef8:   000000010c8e30d8 24a6a63143c20026
0x00007000039e4f08:   000000010c8e30d8 0000000000000000
0x00007000039e4f18:   000000010c8e30d8 00007000039e4fb0
0x00007000039e4f28:   00007fc8241c0800 00007000039e4f90
0x00007000039e4f38:   000000010d2dc954 000000010d2e8823
0x00007000039e4f48:   000000010d2dc6a2 00007000039e4f50
0x00007000039e4f58:   000000010c8e30d8 00007000039e4fb0
0x00007000039e4f68:   000000010c8ee0a0 0000000000000000
0x00007000039e4f78:   000000010c8e30d8 0000000000000000
0x00007000039e4f88:   00007000039e4fb0 00007000039e5000
0x00007000039e4f98:   000000010d2ce760 0000000795d7dfc0
0x00007000039e4fa8:   000000010d2d6577 0000000795d97d48
0x00007000039e4fb8:   0000000795d95ef0 00007000039e4fc0
0x00007000039e4fc8:   000000010c8e37e1 00007000039e5028
0x00007000039e4fd8:   000000010c8ee0a0 0000000000000000
0x00007000039e4fe8:   000000010c8e3810 00007000039e4fb0
0x00007000039e4ff8:   00007000039e5018 00007000039e5070
0x00007000039e5008:   000000010d2ce420 0000000795d97d48 

Instructions: (pc=0x00007fff5f5ffe9d)
0x00007fff5f5ffe7d:   0f 1f 00 48 85 ff 2e 74 62 40 f6 c7 01 2e 75 66
0x00007fff5f5ffe8d:   49 ba f8 ff ff ff ff 7f 00 00 4c 23 17 49 89 f3
0x00007fff5f5ffe9d:   45 23 5a 18 49 c1 e3 04 4d 03 5a 10 49 3b 33 75
0x00007fff5f5ffead:   04 41 ff 63 08 49 83 3b 01 76 0d 49 83 c3 10 49 

Register to memory mapping:

RAX=0x00007fc822741c50 is an unknown value
RBX=0x0000000000000000 is an unknown value
RCX=0x0000000000000000 is an unknown value
RDX=0x00007fc822640290 is an unknown value
RSP=0x00007000039e4e18 is pointing into the stack for thread: 0x00007fc8241c0800
RBP=0x00007000039e4e60 is pointing into the stack for thread: 0x00007fc8241c0800
RSI=0x00007fff361a7a8a: .str.41.llvm.DC87FEEF+0xa9fcd in /System/Library/Frameworks/AppKit.framework/Versions/C/AppKit at 0x00007fff35467000
RDI=0x00007fc822640290 is an unknown value
R8 =0x00000000822741c7 is an unknown value
R9 =0x0000000000000001 is an unknown value
R10=0x0000000000000000 is an unknown value
R11=0x00007fff361a7a8a: .str.41.llvm.DC87FEEF+0xa9fcd in /System/Library/Frameworks/AppKit.framework/Versions/C/AppKit at 0x00007fff35467000
R12=0x0000000000000000 is an unknown value
R13=0x00007fff5f5ffe80: objc_msgSend+0 in /usr/lib/libobjc.A.dylib at 0x00007fff5f5f9000
R14=0x00007fc822741c50 is an unknown value
R15=0x00007000039e4e30 is pointing into the stack for thread: 0x00007fc8241c0800


Stack: [0x00007000038e6000,0x00007000039e6000],  sp=0x00007000039e4e18,  free space=1019k
Native frames: (J=compiled Java code, j=interpreted, Vv=VM code, C=native code)
C  [libobjc.A.dylib+0x6e9d]  objc_msgSend+0x1d
C  [libprism_es2.dylib+0x86cb]  createContext+0x12b
C  [libprism_es2.dylib+0x8067]  Java_com_sun_prism_es2_MacGLFactory_nInitialize+0x77
j  com.sun.prism.es2.MacGLFactory.nInitialize([I)J+0
j  com.sun.prism.es2.MacGLFactory.initialize(Ljava/lang/Class;Lcom/sun/prism/es2/GLPixelFormat$Attributes;)Z+73
j  com.sun.prism.es2.ES2Pipeline.<clinit>()V+49
v  ~StubRoutines::call_stub
V  [libjvm.dylib+0x2eab0e]  JavaCalls::call_helper(JavaValue*, methodHandle*, JavaCallArguments*, Thread*)+0x6ae
V  [libjvm.dylib+0x2bdc69]  InstanceKlass::call_class_initializer_impl(instanceKlassHandle, Thread*)+0xbf
V  [libjvm.dylib+0x2bf171]  InstanceKlass::initialize_impl(instanceKlassHandle, Thread*)+0x4b5
V  [libjvm.dylib+0x2bf407]  InstanceKlass::initialize(Thread*)+0x3d
V  [libjvm.dylib+0x342dd7]  find_class_from_class_loader(JNIEnv_*, Symbol*, unsigned char, Handle, Handle, unsigned char, Thread*)+0x56
V  [libjvm.dylib+0x34d2a2]  JVM_FindClassFromCaller+0x135
C  [libjava.dylib+0x236d]  Java_java_lang_Class_forName0+0x13f
j  java.lang.Class.forName0(Ljava/lang/String;ZLjava/lang/ClassLoader;Ljava/lang/Class;)Ljava/lang/Class;+0
j  java.lang.Class.forName(Ljava/lang/String;)Ljava/lang/Class;+11
j  com.sun.prism.GraphicsPipeline.createPipeline()Lcom/sun/prism/GraphicsPipeline;+232
j  com.sun.javafx.tk.quantum.QuantumRenderer$PipelineRunnable.init()V+0
j  com.sun.javafx.tk.quantum.QuantumRenderer$PipelineRunnable.run()V+1
j  java.lang.Thread.run()V+11
v  ~StubRoutines::call_stub
V  [libjvm.dylib+0x2eab0e]  JavaCalls::call_helper(JavaValue*, methodHandle*, JavaCallArguments*, Thread*)+0x6ae
V  [libjvm.dylib+0x2eb29c]  JavaCalls::call_virtual(JavaValue*, KlassHandle, Symbol*, Symbol*, JavaCallArguments*, Thread*)+0x164
V  [libjvm.dylib+0x2eb448]  JavaCalls::call_virtual(JavaValue*, Handle, KlassHandle, Symbol*, Symbol*, Thread*)+0x4a
V  [libjvm.dylib+0x345965]  thread_entry(JavaThread*, Thread*)+0x7c
V  [libjvm.dylib+0x5612d3]  JavaThread::thread_main_inner()+0x9b
V  [libjvm.dylib+0x5629ce]  JavaThread::run()+0x1c2
V  [libjvm.dylib+0x48343a]  java_start(Thread*)+0xf6
C  [libsystem_pthread.dylib+0x3661]  _pthread_body+0x154
C  [libsystem_pthread.dylib+0x350d]  _pthread_body+0x0
C  [libsystem_pthread.dylib+0x2bf9]  thread_start+0xd
C  0x0000000000000000

Java frames: (J=compiled Java code, j=interpreted, Vv=VM code)
j  com.sun.prism.es2.MacGLFactory.nInitialize([I)J+0
j  com.sun.prism.es2.MacGLFactory.initialize(Ljava/lang/Class;Lcom/sun/prism/es2/GLPixelFormat$Attributes;)Z+73
j  com.sun.prism.es2.ES2Pipeline.<clinit>()V+49
v  ~StubRoutines::call_stub
j  java.lang.Class.forName0(Ljava/lang/String;ZLjava/lang/ClassLoader;Ljava/lang/Class;)Ljava/lang/Class;+0
j  java.lang.Class.forName(Ljava/lang/String;)Ljava/lang/Class;+11
j  com.sun.prism.GraphicsPipeline.createPipeline()Lcom/sun/prism/GraphicsPipeline;+232
j  com.sun.javafx.tk.quantum.QuantumRenderer$PipelineRunnable.init()V+0
j  com.sun.javafx.tk.quantum.QuantumRenderer$PipelineRunnable.run()V+1
j  java.lang.Thread.run()V+11
v  ~StubRoutines::call_stub

---------------  P R O C E S S  ---------------

Java Threads: ( => current thread )
=>0x00007fc8241c0800 JavaThread "QuantumRenderer-0" daemon [_thread_in_native, id=14083, stack(0x00007000038e6000,0x00007000039e6000)]
  0x00007fc82282a800 JavaThread "Service Thread" daemon [_thread_blocked, id=13315, stack(0x00007000036e0000,0x00007000037e0000)]
  0x00007fc823042000 JavaThread "C1 CompilerThread2" daemon [_thread_blocked, id=16387, stack(0x00007000035dd000,0x00007000036dd000)]
  0x00007fc823041800 JavaThread "C2 CompilerThread1" daemon [_thread_blocked, id=16899, stack(0x00007000034da000,0x00007000035da000)]
  0x00007fc82380f000 JavaThread "C2 CompilerThread0" daemon [_thread_blocked, id=13059, stack(0x00007000033d7000,0x00007000034d7000)]
  0x00007fc82380d000 JavaThread "Monitor Ctrl-Break" daemon [_thread_in_native, id=17667, stack(0x00007000032d4000,0x00007000033d4000)]
  0x00007fc823026800 JavaThread "Signal Dispatcher" daemon [_thread_blocked, id=18187, stack(0x00007000031d1000,0x00007000032d1000)]
  0x00007fc82381b000 JavaThread "Finalizer" daemon [_thread_blocked, id=20739, stack(0x00007000030ce000,0x00007000031ce000)]
  0x00007fc82381a800 JavaThread "Reference Handler" daemon [_thread_blocked, id=12035, stack(0x0000700002fcb000,0x00007000030cb000)]
  0x00007fc822809800 JavaThread "main" [_thread_blocked, id=6403, stack(0x00007000029b9000,0x0000700002ab9000)]

Other Threads:
  0x00007fc82281f000 VMThread [stack: 0x0000700002ec8000,0x0000700002fc8000] [id=11523]
  0x00007fc823002800 WatcherThread [stack: 0x00007000037e3000,0x00007000038e3000] [id=15875]

VM state:not at safepoint (normal execution)

VM Mutex/Monitor currently owned by a thread: None

Heap:
 PSYoungGen      total 38400K, used 8654K [0x0000000795580000, 0x0000000798000000, 0x00000007c0000000)
  eden space 33280K, 26% used [0x0000000795580000,0x0000000795df3928,0x0000000797600000)
  from space 5120K, 0% used [0x0000000797b00000,0x0000000797b00000,0x0000000798000000)
  to   space 5120K, 0% used [0x0000000797600000,0x0000000797600000,0x0000000797b00000)
 ParOldGen       total 87552K, used 0K [0x0000000740000000, 0x0000000745580000, 0x0000000795580000)
  object space 87552K, 0% used [0x0000000740000000,0x0000000740000000,0x0000000745580000)
 Metaspace       used 5054K, capacity 5532K, committed 5888K, reserved 1056768K
  class space    used 578K, capacity 664K, committed 768K, reserved 1048576K

Card table byte_map: [0x000000010b95a000,0x000000010bd5b000] byte_map_base: 0x0000000107f5a000

Marking Bits: (ParMarkBitMap*) 0x000000010aedee20
 Begin Bits: [0x000000011c2c7000, 0x000000011e2c7000)
 End Bits:   [0x000000011e2c7000, 0x00000001202c7000)

Polling page: 0x0000000109d67000

CodeCache: size=245760Kb used=1701Kb max_used=1713Kb free=244058Kb
 bounds [0x000000010d2c7000, 0x000000010d537000, 0x000000011c2c7000]
 total_blobs=624 nmethods=319 adapters=219
 compilation: enabled

Compilation events (10 events):
Event: 0.423 Thread 0x00007fc823042000 nmethod 319 0x000000010d46ec90 code [0x000000010d46ee00, 0x000000010d46f008]
Event: 0.423 Thread 0x00007fc823042000  315  s    3       sun.misc.Resource::cachedInputStream (20 bytes)
Event: 0.424 Thread 0x00007fc823042000 nmethod 315 0x000000010d46e690 code [0x000000010d46e800, 0x000000010d46ebe8]
Event: 0.424 Thread 0x00007fc823042000  317       1       java.util.jar.Manifest::getMainAttributes (5 bytes)
Event: 0.424 Thread 0x00007fc823042000 nmethod 317 0x000000010d46e3d0 code [0x000000010d46e520, 0x000000010d46e630]
Event: 0.424 Thread 0x00007fc823042000  318       1       java.util.jar.JarFile::access$300 (5 bytes)
Event: 0.424 Thread 0x00007fc823042000 nmethod 318 0x000000010d46e110 code [0x000000010d46e260, 0x000000010d46e350]
Event: 0.424 Thread 0x00007fc823042000  316       1       java.util.jar.Manifest::getEntries (5 bytes)
Event: 0.424 Thread 0x00007fc823042000 nmethod 316 0x000000010d46de50 code [0x000000010d46dfa0, 0x000000010d46e0b0]
Event: 0.424 Thread 0x00007fc82380f000 nmethod 313 0x000000010d46da10 code [0x000000010d46db60, 0x000000010d46dd18]

GC Heap History (0 events):
No events

Deoptimization events (0 events):
No events

Internal exceptions (9 events):
Event: 0.130 Thread 0x00007fc822809800 Exception <a 'java/lang/NoSuchMethodError': Method sun.misc.Unsafe.defineClass(Ljava/lang/String;[BII)Ljava/lang/Class; name or signature does not match> (0x0000000795592928) thrown at [/Users/java_re/workspace/8-2-build-macosx-x86_64/jdk8u60/4407/hotspot
Event: 0.130 Thread 0x00007fc822809800 Exception <a 'java/lang/NoSuchMethodError': Method sun.misc.Unsafe.prefetchRead(Ljava/lang/Object;J)V name or signature does not match> (0x0000000795592c10) thrown at [/Users/java_re/workspace/8-2-build-macosx-x86_64/jdk8u60/4407/hotspot/src/share/vm/prim
Event: 0.288 Thread 0x00007fc822809800 Exception <a 'java/lang/NoSuchFieldError': method resolution failed> (0x0000000795a12488) thrown at [/Users/java_re/workspace/8-2-build-macosx-x86_64/jdk8u60/4407/hotspot/src/share/vm/prims/methodHandles.cpp, line 1146]
Event: 0.290 Thread 0x00007fc822809800 Exception <a 'java/lang/NoSuchFieldError': method resolution failed> (0x0000000795a200a8) thrown at [/Users/java_re/workspace/8-2-build-macosx-x86_64/jdk8u60/4407/hotspot/src/share/vm/prims/methodHandles.cpp, line 1146]
Event: 0.316 Thread 0x00007fc822809800 Exception <a 'java/security/PrivilegedActionException'> (0x0000000795acba98) thrown at [/Users/java_re/workspace/8-2-build-macosx-x86_64/jdk8u60/4407/hotspot/src/share/vm/prims/jvm.cpp, line 1386]
Event: 0.316 Thread 0x00007fc822809800 Exception <a 'java/security/PrivilegedActionException'> (0x0000000795acbca8) thrown at [/Users/java_re/workspace/8-2-build-macosx-x86_64/jdk8u60/4407/hotspot/src/share/vm/prims/jvm.cpp, line 1386]
Event: 0.316 Thread 0x00007fc822809800 Exception <a 'java/security/PrivilegedActionException'> (0x0000000795acef48) thrown at [/Users/java_re/workspace/8-2-build-macosx-x86_64/jdk8u60/4407/hotspot/src/share/vm/prims/jvm.cpp, line 1386]
Event: 0.316 Thread 0x00007fc822809800 Exception <a 'java/security/PrivilegedActionException'> (0x0000000795acf158) thrown at [/Users/java_re/workspace/8-2-build-macosx-x86_64/jdk8u60/4407/hotspot/src/share/vm/prims/jvm.cpp, line 1386]
Event: 0.316 Thread 0x00007fc822809800 Exception <a 'java/lang/NullPointerException'> (0x0000000795acfd78) thrown at [/Users/java_re/workspace/8-2-build-macosx-x86_64/jdk8u60/4407/hotspot/src/share/vm/interpreter/linkResolver.cpp, line 1178]

Events (10 events):
Event: 0.422 loading class com/sun/prism/es2/GLDrawable
Event: 0.422 loading class com/sun/prism/es2/GLDrawable done
Event: 0.422 loading class com/sun/prism/es2/MacGLDrawable
Event: 0.422 loading class com/sun/prism/es2/MacGLDrawable done
Event: 0.422 loading class com/sun/prism/es2/MacGLPixelFormat
Event: 0.422 loading class com/sun/prism/es2/MacGLPixelFormat done
Event: 0.422 loading class com/sun/prism/es2/GLGPUInfo
Event: 0.422 loading class com/sun/prism/es2/GLGPUInfo done
Event: 4.250 Executing VM operation: EnableBiasedLocking
Event: 4.250 Executing VM operation: EnableBiasedLocking done


Dynamic libraries:
0x0000000010370000 	/System/Library/Frameworks/Cocoa.framework/Versions/A/Cocoa
0x0000000010370000 	/System/Library/Frameworks/Security.framework/Versions/A/Security
0x0000000010370000 	/System/Library/Frameworks/ApplicationServices.framework/Versions/A/ApplicationServices
0x0000000010370000 	/usr/lib/libz.1.dylib
0x0000000010370000 	/usr/lib/libSystem.B.dylib
0x0000000010370000 	/usr/lib/libobjc.A.dylib
0x0000000010370000 	/System/Library/Frameworks/CoreFoundation.framework/Versions/A/CoreFoundation
0x0000000010370000 	/System/Library/Frameworks/Foundation.framework/Versions/C/Foundation
0x0000000010370000 	/System/Library/Frameworks/AppKit.framework/Versions/C/AppKit
0x0000000010370000 	/System/Library/Frameworks/CoreData.framework/Versions/A/CoreData
0x0000000010370000 	/System/Library/PrivateFrameworks/RemoteViewServices.framework/Versions/A/RemoteViewServices
0x0000000010370000 	/System/Library/PrivateFrameworks/UIFoundation.framework/Versions/A/UIFoundation
0x0000000010370000 	/System/Library/PrivateFrameworks/DFRFoundation.framework/Versions/A/DFRFoundation
0x0000000010370000 	/System/Library/Frameworks/Metal.framework/Versions/A/Metal
0x0000000010370000 	/System/Library/PrivateFrameworks/DesktopServicesPriv.framework/Versions/A/DesktopServicesPriv
0x0000000010370000 	/usr/lib/libenergytrace.dylib
0x0000000010370000 	/System/Library/PrivateFrameworks/SkyLight.framework/Versions/A/SkyLight
0x0000000010370000 	/System/Library/Frameworks/CoreGraphics.framework/Versions/A/CoreGraphics
0x0000000010370000 	/usr/lib/libScreenReader.dylib
0x0000000010370000 	/System/Library/Frameworks/Accelerate.framework/Versions/A/Accelerate
0x0000000010370000 	/System/Library/Frameworks/IOSurface.framework/Versions/A/IOSurface
0x0000000010370000 	/System/Library/Frameworks/AudioToolbox.framework/Versions/A/AudioToolbox
0x0000000010370000 	/System/Library/Frameworks/AudioUnit.framework/Versions/A/AudioUnit
0x0000000010370000 	/System/Library/PrivateFrameworks/DataDetectorsCore.framework/Versions/A/DataDetectorsCore
0x0000000010370000 	/System/Library/Frameworks/Carbon.framework/Versions/A/Frameworks/HIToolbox.framework/Versions/A/HIToolbox
0x0000000010370000 	/usr/lib/libicucore.A.dylib
0x0000000010370000 	/System/Library/Frameworks/QuartzCore.framework/Versions/A/QuartzCore
0x0000000010370000 	/System/Library/PrivateFrameworks/SignpostNotification.framework/Versions/A/SignpostNotification
0x0000000010370000 	/System/Library/Frameworks/Carbon.framework/Versions/A/Frameworks/SpeechRecognition.framework/Versions/A/SpeechRecognition
0x0000000010370000 	/usr/lib/libauto.dylib
0x0000000010370000 	/usr/lib/libxml2.2.dylib
0x0000000010370000 	/System/Library/PrivateFrameworks/CoreUI.framework/Versions/A/CoreUI
0x0000000010370000 	/System/Library/Frameworks/CoreAudio.framework/Versions/A/CoreAudio
0x0000000010370000 	/System/Library/Frameworks/DiskArbitration.framework/Versions/A/DiskArbitration
0x0000000010370000 	/usr/lib/liblangid.dylib
0x0000000010370000 	/System/Library/PrivateFrameworks/MultitouchSupport.framework/Versions/A/MultitouchSupport
0x0000000010370000 	/System/Library/Frameworks/IOKit.framework/Versions/A/IOKit
0x0000000010370000 	/usr/lib/libDiagnosticMessagesClient.dylib
0x0000000010370000 	/System/Library/Frameworks/CoreServices.framework/Versions/A/CoreServices
0x0000000010370000 	/System/Library/PrivateFrameworks/PerformanceAnalysis.framework/Versions/A/PerformanceAnalysis
0x0000000010370000 	/System/Library/Frameworks/OpenGL.framework/Versions/A/OpenGL
0x0000000010370000 	/System/Library/Frameworks/ColorSync.framework/Versions/A/ColorSync
0x0000000010370000 	/System/Library/Frameworks/CoreImage.framework/Versions/A/CoreImage
0x0000000010370000 	/System/Library/Frameworks/CoreText.framework/Versions/A/CoreText
0x0000000010370000 	/System/Library/Frameworks/ImageIO.framework/Versions/A/ImageIO
0x0000000010370000 	/System/Library/PrivateFrameworks/Backup.framework/Versions/A/Backup
0x0000000010370000 	/usr/lib/libarchive.2.dylib
0x0000000010370000 	/System/Library/Frameworks/CFNetwork.framework/Versions/A/CFNetwork
0x0000000010370000 	/System/Library/Frameworks/SystemConfiguration.framework/Versions/A/SystemConfiguration
0x0000000010370000 	/usr/lib/libCRFSuite.dylib
0x0000000010370000 	/usr/lib/libc++.1.dylib
0x0000000010370000 	/usr/lib/libc++abi.dylib
0x0000000010370000 	/usr/lib/system/libcache.dylib
0x0000000010370000 	/usr/lib/system/libcommonCrypto.dylib
0x0000000010370000 	/usr/lib/system/libcompiler_rt.dylib
0x0000000010370000 	/usr/lib/system/libcopyfile.dylib
0x0000000010370000 	/usr/lib/system/libcorecrypto.dylib
0x0000000010370000 	/usr/lib/system/libdispatch.dylib
0x0000000010370000 	/usr/lib/system/libdyld.dylib
0x0000000010370000 	/usr/lib/system/libkeymgr.dylib
0x0000000010370000 	/usr/lib/system/liblaunch.dylib
0x0000000010370000 	/usr/lib/system/libmacho.dylib
0x0000000010370000 	/usr/lib/system/libquarantine.dylib
0x0000000010370000 	/usr/lib/system/libremovefile.dylib
0x0000000010370000 	/usr/lib/system/libsystem_asl.dylib
0x0000000010370000 	/usr/lib/system/libsystem_blocks.dylib
0x0000000010370000 	/usr/lib/system/libsystem_c.dylib
0x0000000010370000 	/usr/lib/system/libsystem_configuration.dylib
0x0000000010370000 	/usr/lib/system/libsystem_coreservices.dylib
0x0000000010370000 	/usr/lib/system/libsystem_darwin.dylib
0x0000000010370000 	/usr/lib/system/libsystem_dnssd.dylib
0x0000000010370000 	/usr/lib/system/libsystem_info.dylib
0x0000000010370000 	/usr/lib/system/libsystem_m.dylib
0x0000000010370000 	/usr/lib/system/libsystem_malloc.dylib
0x0000000010370000 	/usr/lib/system/libsystem_network.dylib
0x0000000010370000 	/usr/lib/system/libsystem_networkextension.dylib
0x0000000010370000 	/usr/lib/system/libsystem_notify.dylib
0x0000000010370000 	/usr/lib/system/libsystem_sandbox.dylib
0x0000000010370000 	/usr/lib/system/libsystem_secinit.dylib
0x0000000010370000 	/usr/lib/system/libsystem_kernel.dylib
0x0000000010370000 	/usr/lib/system/libsystem_platform.dylib
0x0000000010370000 	/usr/lib/system/libsystem_pthread.dylib
0x0000000010370000 	/usr/lib/system/libsystem_symptoms.dylib
0x0000000010370000 	/usr/lib/system/libsystem_trace.dylib
0x0000000010370000 	/usr/lib/system/libunwind.dylib
0x0000000010370000 	/usr/lib/system/libxpc.dylib
0x0000000010370000 	/usr/lib/closure/libclosured.dylib
0x0000000010370000 	/usr/lib/libbsm.0.dylib
0x0000000010370000 	/usr/lib/system/libkxld.dylib
0x0000000010370000 	/usr/lib/libOpenScriptingUtil.dylib
0x0000000010370000 	/usr/lib/libcoretls.dylib
0x0000000010370000 	/usr/lib/libcoretls_cfhelpers.dylib
0x0000000010370000 	/usr/lib/libpam.2.dylib
0x0000000010370000 	/usr/lib/libsqlite3.dylib
0x0000000010370000 	/usr/lib/libxar.1.dylib
0x0000000010370000 	/usr/lib/libbz2.1.0.dylib
0x0000000010370000 	/usr/lib/liblzma.5.dylib
0x0000000010370000 	/usr/lib/libnetwork.dylib
0x0000000010370000 	/usr/lib/libapple_nghttp2.dylib
0x0000000010370000 	/usr/lib/libpcap.A.dylib
0x0000000010370000 	/usr/lib/libboringssl.dylib
0x0000000010370000 	/usr/lib/libusrtcp.dylib
0x0000000010370000 	/usr/lib/libapple_crypto.dylib
0x0000000010370000 	/System/Library/Frameworks/CoreServices.framework/Versions/A/Frameworks/FSEvents.framework/Versions/A/FSEvents
0x0000000010370000 	/System/Library/Frameworks/CoreServices.framework/Versions/A/Frameworks/CarbonCore.framework/Versions/A/CarbonCore
0x0000000010370000 	/System/Library/Frameworks/CoreServices.framework/Versions/A/Frameworks/Metadata.framework/Versions/A/Metadata
0x0000000010370000 	/System/Library/Frameworks/CoreServices.framework/Versions/A/Frameworks/OSServices.framework/Versions/A/OSServices
0x0000000010370000 	/System/Library/Frameworks/CoreServices.framework/Versions/A/Frameworks/SearchKit.framework/Versions/A/SearchKit
0x0000000010370000 	/System/Library/Frameworks/CoreServices.framework/Versions/A/Frameworks/AE.framework/Versions/A/AE
0x0000000010370000 	/System/Library/Frameworks/CoreServices.framework/Versions/A/Frameworks/LaunchServices.framework/Versions/A/LaunchServices
0x0000000010370000 	/System/Library/Frameworks/CoreServices.framework/Versions/A/Frameworks/DictionaryServices.framework/Versions/A/DictionaryServices
0x0000000010370000 	/System/Library/Frameworks/CoreServices.framework/Versions/A/Frameworks/SharedFileList.framework/Versions/A/SharedFileList
0x0000000010370000 	/System/Library/Frameworks/NetFS.framework/Versions/A/NetFS
0x0000000010370000 	/System/Library/PrivateFrameworks/NetAuth.framework/Versions/A/NetAuth
0x0000000010370000 	/System/Library/PrivateFrameworks/login.framework/Versions/A/Frameworks/loginsupport.framework/Versions/A/loginsupport
0x0000000010370000 	/System/Library/PrivateFrameworks/TCC.framework/Versions/A/TCC
0x0000000010370000 	/usr/lib/libmecabra.dylib
0x0000000010370000 	/System/Library/Frameworks/ApplicationServices.framework/Versions/A/Frameworks/ATS.framework/Versions/A/ATS
0x0000000010370000 	/System/Library/Frameworks/ApplicationServices.framework/Versions/A/Frameworks/ColorSyncLegacy.framework/Versions/A/ColorSyncLegacy
0x0000000010370000 	/System/Library/Frameworks/ApplicationServices.framework/Versions/A/Frameworks/HIServices.framework/Versions/A/HIServices
0x0000000010370000 	/System/Library/Frameworks/ApplicationServices.framework/Versions/A/Frameworks/LangAnalysis.framework/Versions/A/LangAnalysis
0x0000000010370000 	/System/Library/Frameworks/ApplicationServices.framework/Versions/A/Frameworks/PrintCore.framework/Versions/A/PrintCore
0x0000000010370000 	/System/Library/Frameworks/ApplicationServices.framework/Versions/A/Frameworks/QD.framework/Versions/A/QD
0x0000000010370000 	/System/Library/Frameworks/ApplicationServices.framework/Versions/A/Frameworks/SpeechSynthesis.framework/Versions/A/SpeechSynthesis
0x0000000010370000 	/System/Library/Frameworks/CoreDisplay.framework/Versions/A/CoreDisplay
0x0000000010370000 	/System/Library/Frameworks/Accelerate.framework/Versions/A/Frameworks/vImage.framework/Versions/A/vImage
0x0000000010370000 	/System/Library/Frameworks/Accelerate.framework/Versions/A/Frameworks/vecLib.framework/Versions/A/vecLib
0x0000000010370000 	/System/Library/Frameworks/Accelerate.framework/Versions/A/Frameworks/vecLib.framework/Versions/A/libvDSP.dylib
0x0000000010370000 	/System/Library/Frameworks/Accelerate.framework/Versions/A/Frameworks/vecLib.framework/Versions/A/libBNNS.dylib
0x0000000010370000 	/System/Library/Frameworks/Accelerate.framework/Versions/A/Frameworks/vecLib.framework/Versions/A/libQuadrature.dylib
0x0000000010370000 	/System/Library/Frameworks/Accelerate.framework/Versions/A/Frameworks/vecLib.framework/Versions/A/libvMisc.dylib
0x0000000010370000 	/System/Library/Frameworks/Accelerate.framework/Versions/A/Frameworks/vecLib.framework/Versions/A/libLAPACK.dylib
0x0000000010370000 	/System/Library/Frameworks/Accelerate.framework/Versions/A/Frameworks/vecLib.framework/Versions/A/libBLAS.dylib
0x0000000010370000 	/System/Library/Frameworks/Accelerate.framework/Versions/A/Frameworks/vecLib.framework/Versions/A/libLinearAlgebra.dylib
0x0000000010370000 	/System/Library/Frameworks/Accelerate.framework/Versions/A/Frameworks/vecLib.framework/Versions/A/libSparse.dylib
0x0000000010370000 	/System/Library/Frameworks/Accelerate.framework/Versions/A/Frameworks/vecLib.framework/Versions/A/libSparseBLAS.dylib
0x0000000010370000 	/System/Library/PrivateFrameworks/GPUWrangler.framework/Versions/A/GPUWrangler
0x0000000010370000 	/System/Library/PrivateFrameworks/IOAccelerator.framework/Versions/A/IOAccelerator
0x0000000010370000 	/System/Library/PrivateFrameworks/IOPresentment.framework/Versions/A/IOPresentment
0x0000000010370000 	/System/Library/PrivateFrameworks/DSExternalDisplay.framework/Versions/A/DSExternalDisplay
0x0000000010370000 	/System/Library/Frameworks/OpenGL.framework/Versions/A/Libraries/libCoreFSCache.dylib
0x0000000010370000 	/System/Library/Frameworks/CoreVideo.framework/Versions/A/CoreVideo
0x0000000010370000 	/System/Library/PrivateFrameworks/GraphVisualizer.framework/Versions/A/GraphVisualizer
0x0000000010370000 	/System/Library/Frameworks/MetalPerformanceShaders.framework/Versions/A/MetalPerformanceShaders
0x0000000010370000 	/usr/lib/libFosl_dynamic.dylib
0x0000000010370000 	/System/Library/PrivateFrameworks/FaceCore.framework/Versions/A/FaceCore
0x0000000010370000 	/System/Library/Frameworks/OpenCL.framework/Versions/A/OpenCL
0x0000000010370000 	/usr/lib/libcompression.dylib
0x0000000010370000 	/System/Library/Frameworks/ApplicationServices.framework/Versions/A/Frameworks/ATS.framework/Versions/A/Resources/libFontParser.dylib
0x0000000010370000 	/System/Library/Frameworks/ApplicationServices.framework/Versions/A/Frameworks/ATS.framework/Versions/A/Resources/libFontRegistry.dylib
0x0000000010370000 	/System/Library/Frameworks/ImageIO.framework/Versions/A/Resources/libJPEG.dylib
0x0000000010370000 	/System/Library/Frameworks/ImageIO.framework/Versions/A/Resources/libTIFF.dylib
0x0000000010370000 	/System/Library/Frameworks/ImageIO.framework/Versions/A/Resources/libPng.dylib
0x0000000010370000 	/System/Library/Frameworks/ImageIO.framework/Versions/A/Resources/libGIF.dylib
0x0000000010370000 	/System/Library/Frameworks/ImageIO.framework/Versions/A/Resources/libJP2.dylib
0x0000000010370000 	/System/Library/Frameworks/ImageIO.framework/Versions/A/Resources/libRadiance.dylib
0x0000000010370000 	/System/Library/PrivateFrameworks/AppleJPEG.framework/Versions/A/AppleJPEG
0x0000000010370000 	/System/Library/Frameworks/MetalPerformanceShaders.framework/Frameworks/MPSCore.framework/Versions/A/MPSCore
0x0000000010370000 	/System/Library/Frameworks/MetalPerformanceShaders.framework/Frameworks/MPSImage.framework/Versions/A/MPSImage
0x0000000010370000 	/System/Library/Frameworks/MetalPerformanceShaders.framework/Frameworks/MPSNeuralNetwork.framework/Versions/A/MPSNeuralNetwork
0x0000000010370000 	/System/Library/Frameworks/MetalPerformanceShaders.framework/Frameworks/MPSMatrix.framework/Versions/A/MPSMatrix
0x0000000010370000 	/System/Library/PrivateFrameworks/MetalTools.framework/Versions/A/MetalTools
0x0000000010370000 	/System/Library/Frameworks/OpenGL.framework/Versions/A/Libraries/libGLU.dylib
0x0000000010370000 	/System/Library/Frameworks/OpenGL.framework/Versions/A/Libraries/libGFXShared.dylib
0x0000000010370000 	/System/Library/Frameworks/OpenGL.framework/Versions/A/Libraries/libGL.dylib
0x0000000010370000 	/System/Library/Frameworks/OpenGL.framework/Versions/A/Libraries/libGLImage.dylib
0x0000000010370000 	/System/Library/Frameworks/OpenGL.framework/Versions/A/Libraries/libCVMSPluginSupport.dylib
0x0000000010370000 	/System/Library/Frameworks/OpenGL.framework/Versions/A/Libraries/libCoreVMClient.dylib
0x0000000010370000 	/usr/lib/libcups.2.dylib
0x0000000010370000 	/System/Library/Frameworks/Kerberos.framework/Versions/A/Kerberos
0x0000000010370000 	/System/Library/Frameworks/GSS.framework/Versions/A/GSS
0x0000000010370000 	/usr/lib/libresolv.9.dylib
0x0000000010370000 	/usr/lib/libiconv.2.dylib
0x0000000010370000 	/System/Library/PrivateFrameworks/Heimdal.framework/Versions/A/Heimdal
0x0000000010370000 	/usr/lib/libheimdal-asn1.dylib
0x0000000010370000 	/System/Library/Frameworks/OpenDirectory.framework/Versions/A/OpenDirectory
0x0000000010370000 	/System/Library/PrivateFrameworks/CommonAuth.framework/Versions/A/CommonAuth
0x0000000010370000 	/System/Library/Frameworks/OpenDirectory.framework/Versions/A/Frameworks/CFOpenDirectory.framework/Versions/A/CFOpenDirectory
0x0000000010370000 	/System/Library/Frameworks/SecurityFoundation.framework/Versions/A/SecurityFoundation
0x0000000010370000 	/System/Library/PrivateFrameworks/APFS.framework/Versions/A/APFS
0x0000000010370000 	/usr/lib/libutil.dylib
0x0000000010370000 	/System/Library/PrivateFrameworks/AppleSauce.framework/Versions/A/AppleSauce
0x0000000010370000 	/System/Library/PrivateFrameworks/LinguisticData.framework/Versions/A/LinguisticData
0x0000000010370000 	/usr/lib/libmarisa.dylib
0x0000000010370000 	/System/Library/PrivateFrameworks/Lexicon.framework/Versions/A/Lexicon
0x0000000010370000 	/usr/lib/libChineseTokenizer.dylib
0x0000000010370000 	/usr/lib/libcmph.dylib
0x0000000010370000 	/System/Library/PrivateFrameworks/LanguageModeling.framework/Versions/A/LanguageModeling
0x0000000010370000 	/System/Library/PrivateFrameworks/CoreEmoji.framework/Versions/A/CoreEmoji
0x0000000010370000 	/System/Library/Frameworks/ServiceManagement.framework/Versions/A/ServiceManagement
0x0000000010370000 	/System/Library/PrivateFrameworks/BackgroundTaskManagement.framework/Versions/A/BackgroundTaskManagement
0x0000000010370000 	/usr/lib/libxslt.1.dylib
0x0000000010370000 	/System/Library/Frameworks/Carbon.framework/Versions/A/Frameworks/Ink.framework/Versions/A/Ink
0x0000000010370000 	/System/Library/PrivateFrameworks/TextureIO.framework/Versions/A/TextureIO
0x0000000010370000 	/usr/lib/libate.dylib
0x0000000010370000 	/System/Library/PrivateFrameworks/CrashReporterSupport.framework/Versions/A/CrashReporterSupport
0x0000000010370000 	/System/Library/PrivateFrameworks/Sharing.framework/Versions/A/Sharing
0x0000000010370000 	/System/Library/PrivateFrameworks/IconServices.framework/Versions/A/IconServices
0x0000000010370000 	/System/Library/PrivateFrameworks/Apple80211.framework/Versions/A/Apple80211
0x0000000010370000 	/System/Library/PrivateFrameworks/CoreUtils.framework/Versions/A/CoreUtils
0x0000000010370000 	/System/Library/Frameworks/CoreWLAN.framework/Versions/A/CoreWLAN
0x0000000010370000 	/System/Library/Frameworks/IOBluetooth.framework/Versions/A/IOBluetooth
0x0000000010370000 	/System/Library/PrivateFrameworks/ProtocolBuffer.framework/Versions/A/ProtocolBuffer
0x0000000010370000 	/System/Library/PrivateFrameworks/CoreWiFi.framework/Versions/A/CoreWiFi
0x0000000010370000 	/System/Library/Frameworks/CoreBluetooth.framework/Versions/A/CoreBluetooth
0x0000000010370000 	/System/Library/PrivateFrameworks/DebugSymbols.framework/Versions/A/DebugSymbols
0x0000000010370000 	/System/Library/PrivateFrameworks/CoreSymbolication.framework/Versions/A/CoreSymbolication
0x0000000010370000 	/System/Library/PrivateFrameworks/Symbolication.framework/Versions/A/Symbolication
0x0000000010370000 	/System/Library/PrivateFrameworks/AppleFSCompression.framework/Versions/A/AppleFSCompression
0x0000000010370000 	/System/Library/PrivateFrameworks/SpeechRecognitionCore.framework/Versions/A/SpeechRecognitionCore
0x0000000010370000 	/System/Library/CoreServices/Encodings/libLatin2Converter.dylib
0x000000010a600000 	/Library/Java/JavaVirtualMachines/jdk1.8.0_60.jdk/Contents/Home/jre/lib/server/libjvm.dylib
0x0000000010370000 	/usr/lib/libstdc++.6.0.9.dylib
0x0000000109d24000 	/Library/Java/JavaVirtualMachines/jdk1.8.0_60.jdk/Contents/Home/jre/lib/libverify.dylib
0x0000000109d32000 	/Library/Java/JavaVirtualMachines/jdk1.8.0_60.jdk/Contents/Home/jre/lib/libjava.dylib
0x0000000109d68000 	/Library/Java/JavaVirtualMachines/jdk1.8.0_60.jdk/Contents/Home/jre/lib/libinstrument.dylib
0x000000010b591000 	/Library/Java/JavaVirtualMachines/jdk1.8.0_60.jdk/Contents/Home/jre/lib/libzip.dylib
0x0000000010370000 	/System/Library/Frameworks/JavaVM.framework/Versions/A/Frameworks/JavaRuntimeSupport.framework/Versions/A/JavaRuntimeSupport
0x0000000010370000 	/System/Library/Frameworks/JavaVM.framework/Versions/A/Frameworks/JavaNativeFoundation.framework/Versions/A/JavaNativeFoundation
0x0000000010370000 	/System/Library/Frameworks/JavaVM.framework/Versions/A/JavaVM
0x0000000010370000 	/System/Library/Frameworks/Carbon.framework/Versions/A/Carbon
0x0000000010370000 	/System/Library/PrivateFrameworks/JavaLaunching.framework/Versions/A/JavaLaunching
0x0000000010370000 	/System/Library/Frameworks/Carbon.framework/Versions/A/Frameworks/CommonPanels.framework/Versions/A/CommonPanels
0x0000000010370000 	/System/Library/Frameworks/Carbon.framework/Versions/A/Frameworks/Help.framework/Versions/A/Help
0x0000000010370000 	/System/Library/Frameworks/Carbon.framework/Versions/A/Frameworks/ImageCapture.framework/Versions/A/ImageCapture
0x0000000010370000 	/System/Library/Frameworks/Carbon.framework/Versions/A/Frameworks/OpenScripting.framework/Versions/A/OpenScripting
0x0000000010370000 	/System/Library/Frameworks/Carbon.framework/Versions/A/Frameworks/Print.framework/Versions/A/Print
0x0000000010370000 	/System/Library/Frameworks/Carbon.framework/Versions/A/Frameworks/SecurityHI.framework/Versions/A/SecurityHI
0x0000000122a67000 	/Library/Java/JavaVirtualMachines/jdk1.8.0_60.jdk/Contents/Home/jre/lib/libnet.dylib
0x0000000122b5c000 	/Library/Java/JavaVirtualMachines/jdk1.8.0_60.jdk/Contents/Home/jre/lib/libprism_es2.dylib
0x0000000010370000 	/System/Library/PrivateFrameworks/CoreServicesInternal.framework/Versions/A/CoreServicesInternal
0x0000000010370000 	/System/Library/Frameworks/OpenGL.framework/Versions/A/Resources/GLEngine.bundle/GLEngine
0x0000000010370000 	/System/Library/Frameworks/OpenGL.framework/Versions/A/Libraries/libGLProgrammability.dylib
0x0000000010370000 	/System/Library/PrivateFrameworks/GPUSupport.framework/Versions/A/Libraries/libGPUSupportMercury.dylib
0x0000000010370000 	/System/Library/Frameworks/OpenGL.framework/Versions/A/Resources/GLRendererFloat.bundle/GLRendererFloat
0x0000000010370000 	/System/Library/Frameworks/OpenCL.framework/Versions/A/Libraries/libcldcpuengine.dylib
0x0000000010370000 	/usr/lib/libcrypto.35.dylib
0x0000000010370000 	/System/Library/PrivateFrameworks/TrustEvaluationAgent.framework/Versions/A/TrustEvaluationAgent

VM Arguments:
jvm_args: -javaagent:/Applications/IntelliJ IDEA CE.app/Contents/lib/idea_rt.jar=54470:/Applications/IntelliJ IDEA CE.app/Contents/bin -Dfile.encoding=UTF-8 
java_command: Main
java_class_path (initial): /Library/Java/JavaVirtualMachines/jdk1.8.0_60.jdk/Contents/Home/jre/lib/charsets.jar:/Library/Java/JavaVirtualMachines/jdk1.8.0_60.jdk/Contents/Home/jre/lib/deploy.jar:/Library/Java/JavaVirtualMachines/jdk1.8.0_60.jdk/Contents/Home/jre/lib/ext/cldrdata.jar:/Library/Java/JavaVirtualMachines/jdk1.8.0_60.jdk/Contents/Home/jre/lib/ext/dnsns.jar:/Library/Java/JavaVirtualMachines/jdk1.8.0_60.jdk/Contents/Home/jre/lib/ext/jaccess.jar:/Library/Java/JavaVirtualMachines/jdk1.8.0_60.jdk/Contents/Home/jre/lib/ext/jfxrt.jar:/Library/Java/JavaVirtualMachines/jdk1.8.0_60.jdk/Contents/Home/jre/lib/ext/localedata.jar:/Library/Java/JavaVirtualMachines/jdk1.8.0_60.jdk/Contents/Home/jre/lib/ext/nashorn.jar:/Library/Java/JavaVirtualMachines/jdk1.8.0_60.jdk/Contents/Home/jre/lib/ext/sunec.jar:/Library/Java/JavaVirtualMachines/jdk1.8.0_60.jdk/Contents/Home/jre/lib/ext/sunjce_provider.jar:/Library/Java/JavaVirtualMachines/jdk1.8.0_60.jdk/Contents/Home/jre/lib/ext/sunpkcs11.jar:/Library/Java/JavaVirtualMachines/jdk1.8.0_60.jdk/Contents/Home/jre/lib/ext/zipfs.jar:/Library/Java/JavaVirtualMachines/jdk1.8.0_60.jdk/Contents/Home/jre/lib/javaws.jar:/Library/Java/JavaVirtualMachines/jdk1.8.0_60.jdk/Contents/Home/jre/lib/jce.jar:/Library/Java/JavaVirtualMachines/jdk1.8.0_60.jdk/Contents/Home/jre/lib/jfr.jar:/Library/Java/JavaVirtualMachines/jdk1.8.0_60.jdk/Contents/Home/jre/lib/jfxswt.jar:/Library/Java/JavaVirtualMachines/jdk1.8.0_60.jdk/Contents/Home/jre/lib/jsse.jar:/Library/Java/JavaVirtualMachines/jdk1.8.0_60.jdk/Contents/Home/jre/lib/management-agent.jar:/Library/Java/JavaVirtualMachines/jdk1.8.0_60.jdk/Contents/Home/jre/lib/plugin.jar:/Library/Java/JavaVirtualMachines/jdk1.8.0_60.jdk/Contents/Home/jre/lib/resources.jar:/Library/Java/JavaVirtualMachines/jdk1.8.0_60.jdk/Contents/Home/jre/lib/rt.jar:/Library/Java/JavaVirtualMachines/jdk1.8.0_60.jdk/Contents/Home/lib/ant-javafx.jar:/Library/Java/JavaVirtualMachines/jdk1.8.0_60.jdk/Contents/Home/lib/dt.jar:/Library/Ja
Launcher Type: SUN_STANDARD

Environment Variables:
PATH=/Library/Frameworks/Python.framework/Versions/3.6/bin:/usr/local/bin:/usr/bin:/bin:/usr/sbin:/sbin:/Library/Frameworks/Mono.framework/Versions/Current/Commands
SHELL=/bin/zsh

Signal Handlers:
SIGSEGV: [libjvm.dylib+0x5a6d31], sa_mask[0]=11111111011111110111111111111111, sa_flags=SA_ONSTACK|SA_RESTART|SA_SIGINFO
SIGBUS: [libjvm.dylib+0x5a6d31], sa_mask[0]=11111111011111110111111111111111, sa_flags=SA_RESTART|SA_SIGINFO
SIGFPE: [libjvm.dylib+0x480a4c], sa_mask[0]=11111111011111110111111111111111, sa_flags=SA_RESTART|SA_SIGINFO
SIGPIPE: [libjvm.dylib+0x480a4c], sa_mask[0]=11111111011111110111111111111111, sa_flags=SA_RESTART|SA_SIGINFO
SIGXFSZ: [libjvm.dylib+0x480a4c], sa_mask[0]=11111111011111110111111111111111, sa_flags=SA_RESTART|SA_SIGINFO
SIGILL: [libjvm.dylib+0x480a4c], sa_mask[0]=11111111011111110111111111111111, sa_flags=SA_RESTART|SA_SIGINFO
SIGUSR1: SIG_DFL, sa_mask[0]=00000000000000000000000000000000, sa_flags=none
SIGUSR2: [libjvm.dylib+0x48056a], sa_mask[0]=00100000000000000000000000000000, sa_flags=SA_RESTART|SA_SIGINFO
SIGHUP: [libjvm.dylib+0x47eb41], sa_mask[0]=11111111011111110111111111111111, sa_flags=SA_RESTART|SA_SIGINFO
SIGINT: [libjvm.dylib+0x47eb41], sa_mask[0]=11111111011111110111111111111111, sa_flags=SA_RESTART|SA_SIGINFO
SIGTERM: [libjvm.dylib+0x47eb41], sa_mask[0]=11111111011111110111111111111111, sa_flags=SA_RESTART|SA_SIGINFO
SIGQUIT: [libjvm.dylib+0x47eb41], sa_mask[0]=11111111011111110111111111111111, sa_flags=SA_RESTART|SA_SIGINFO


---------------  S Y S T E M  ---------------

OS:Bsduname:Darwin 17.5.0 Darwin Kernel Version 17.5.0: Fri Apr 13 19:32:32 PDT 2018; root:xnu-4570.51.2~1/RELEASE_X86_64 x86_64
rlimit: STACK 8192k, CORE 0k, NPROC 709, NOFILE 10240, AS infinity
load average:3.40 3.13 3.19

CPU:total 4 (2 cores per cpu, 2 threads per core) family 6 model 69 stepping 1, cmov, cx8, fxsr, mmx, sse, sse2, sse3, ssse3, sse4.1, sse4.2, popcnt, avx, avx2, aes, clmul, erms, lzcnt, ht, tsc, tscinvbit, bmi1, bmi2

Memory: 4k page, physical 8388608k(21188k free)

/proc/meminfo:


vm_info: Java HotSpot(TM) 64-Bit Server VM (25.60-b23) for bsd-amd64 JRE (1.8.0_60-b27), built on Aug  4 2015 10:47:24 by "java_re" with gcc 4.2.1 (Based on Apple Inc. build 5658) (LLVM build 2336.11.00)

time: Wed Jun 20 11:20:34 2018
elapsed time: 15 seconds (0d 0h 0m 15s)

